<html>
<head>
<title>TestNG:  Test</title>
<link href="../testng.css" rel="stylesheet" type="text/css" />
<link href="../my-testng.css" rel="stylesheet" type="text/css" />

<style type="text/css">
.log { display: none;} 
.stack-trace { display: none;} 
</style>
<script type="text/javascript">
<!--
function flip(e) {
  current = e.style.display;
  if (current == 'block') {
    e.style.display = 'none';
    return 0;
  }
  else {
    e.style.display = 'block';
    return 1;
  }
}

function toggleBox(szDivId, elem, msg1, msg2)
{
  var res = -1;  if (document.getElementById) {
    res = flip(document.getElementById(szDivId));
  }
  else if (document.all) {
    // this is the way old msie versions work
    res = flip(document.all[szDivId]);
  }
  if(elem) {
    if(res == 0) elem.innerHTML = msg1; else elem.innerHTML = msg2;
  }

}

function toggleAllBoxes() {
  if (document.getElementsByTagName) {
    d = document.getElementsByTagName('div');
    for (i = 0; i < d.length; i++) {
      if (d[i].className == 'log') {
        flip(d[i]);
      }
    }
  }
}

// -->
</script>

</head>
<body>
<h2 align='center'>Test</h2><table border='1' align="center">
<tr>
<td>Tests passed/Failed/Skipped:</td><td>0/0/23</td>
</tr><tr>
<td>Started on:</td><td>Sat Apr 05 15:48:35 IST 2025</td>
</tr>
<tr><td>Total time:</td><td>4 seconds (4668 ms)</td>
</tr><tr>
<td>Included groups:</td><td></td>
</tr><tr>
<td>Excluded groups:</td><td></td>
</tr>
</table><p/>
<small><i>(Hover the method name to see the test class name)</i></small><p/>
<table width='100%' border='1' class='invocation-failed'>
<tr><td colspan='4' align='center'><b>FAILED CONFIGURATIONS</b></td></tr>
<tr><td><b>Test method</b></td>
<td><b>Attribute(s)</b></td>
<td width="30%"><b>Exception</b></td>
<td width="10%"><b>Time (seconds)</b></td>
<td><b>Instance</b></td>
</tr>
<tr>
<td title='tests.LoginPageTest.loadConfig()'><b>loadConfig</b><br>Test class: tests.LoginPageTest</td>
<td><div><pre>java.io.FileNotFoundException: D:\eclipse workplace\SwagLabs\Resources\global.properties (The system cannot find the path specified)
	at java.base/java.io.FileInputStream.open0(Native Method)
	at java.base/java.io.FileInputStream.open(FileInputStream.java:219)
	at java.base/java.io.FileInputStream.&lt;init&gt;(FileInputStream.java:159)
	at java.base/java.io.FileInputStream.&lt;init&gt;(FileInputStream.java:112)
	at pages.BaseClass.loadConfig(BaseClass.java:33)
... Removed 17 stack frames</pre></div><a href='#' onClick='toggleBox("stack-trace1745043985", this, "Click to show all stack frames", "Click to hide stack frames")'>Click to show all stack frames</a>
<div class='stack-trace' id='stack-trace1745043985'><pre>java.io.FileNotFoundException: D:\eclipse workplace\SwagLabs\Resources\global.properties (The system cannot find the path specified)
	at java.base/java.io.FileInputStream.open0(Native Method)
	at java.base/java.io.FileInputStream.open(FileInputStream.java:219)
	at java.base/java.io.FileInputStream.&lt;init&gt;(FileInputStream.java:159)
	at java.base/java.io.FileInputStream.&lt;init&gt;(FileInputStream.java:112)
	at pages.BaseClass.loadConfig(BaseClass.java:33)
	at java.base/jdk.internal.reflect.DirectMethodHandleAccessor.invoke(DirectMethodHandleAccessor.java:103)
	at java.base/java.lang.reflect.Method.invoke(Method.java:580)
	at org.testng.internal.invokers.MethodInvocationHelper.invokeMethod(MethodInvocationHelper.java:141)
	at org.testng.internal.invokers.MethodInvocationHelper.invokeMethodConsideringTimeout(MethodInvocationHelper.java:71)
	at org.testng.internal.invokers.ConfigInvoker.invokeConfigurationMethod(ConfigInvoker.java:400)
	at org.testng.internal.invokers.ConfigInvoker.invokeConfigurations(ConfigInvoker.java:333)
	at org.testng.SuiteRunner.privateRun(SuiteRunner.java:358)
	at org.testng.SuiteRunner.run(SuiteRunner.java:312)
	at org.testng.SuiteRunnerWorker.runSuite(SuiteRunnerWorker.java:52)
	at org.testng.SuiteRunnerWorker.run(SuiteRunnerWorker.java:95)
	at org.testng.TestNG.runSuitesSequentially(TestNG.java:1274)
	at org.testng.TestNG.runSuitesLocally(TestNG.java:1208)
	at org.testng.TestNG.runSuites(TestNG.java:1112)
	at org.testng.TestNG.run(TestNG.java:1079)
	at org.testng.remote.AbstractRemoteTestNG.run(AbstractRemoteTestNG.java:115)
	at org.testng.remote.RemoteTestNG.initAndRun(RemoteTestNG.java:293)
	at org.testng.remote.RemoteTestNG.main(RemoteTestNG.java:91)
</pre></div></td>
<td>0</td>
<td>tests.LoginPageTest@27912e3</td></tr>
</table><p>
<table width='100%' border='1' class='invocation-skipped'>
<tr><td colspan='4' align='center'><b>SKIPPED CONFIGURATIONS</b></td></tr>
<tr><td><b>Test method</b></td>
<td><b>Attribute(s)</b></td>
<td width="30%"><b>Exception</b></td>
<td width="10%"><b>Time (seconds)</b></td>
<td><b>Instance</b></td>
</tr>
<tr>
<td title='tests.OrderSummaryPageTest.teardown()'><b>teardown</b><br>Test class: tests.OrderSummaryPageTest</td>
<td></td>
<td>0</td>
<td>tests.OrderSummaryPageTest@24c22fe</td></tr>
<tr>
<td title='tests.OrderSummaryPageTest.setup()'><b>setup</b><br>Test class: tests.OrderSummaryPageTest</td>
<td></td>
<td>0</td>
<td>tests.OrderSummaryPageTest@24c22fe</td></tr>
<tr>
<td title='tests.ProductTest.setup()'><b>setup</b><br>Test class: tests.ProductTest</td>
<td></td>
<td>0</td>
<td>tests.ProductTest@791d1f8b</td></tr>
<tr>
<td title='tests.OrderSummaryPageTest.setup()'><b>setup</b><br>Test class: tests.OrderSummaryPageTest</td>
<td></td>
<td>0</td>
<td>tests.OrderSummaryPageTest@24c22fe</td></tr>
<tr>
<td title='tests.ProductDetailPageTest.setup()'><b>setup</b><br>Test class: tests.ProductDetailPageTest</td>
<td></td>
<td>0</td>
<td>tests.ProductDetailPageTest@2415fc55</td></tr>
<tr>
<td title='tests.ProductTest.setup()'><b>setup</b><br>Test class: tests.ProductTest</td>
<td></td>
<td>0</td>
<td>tests.ProductTest@791d1f8b</td></tr>
<tr>
<td title='tests.CartPageTest.tearDown()'><b>tearDown</b><br>Test class: tests.CartPageTest</td>
<td></td>
<td>0</td>
<td>tests.CartPageTest@14f232c4</td></tr>
<tr>
<td title='tests.LoginPageTest.setup()'><b>setup</b><br>Test class: tests.LoginPageTest</td>
<td></td>
<td>0</td>
<td>tests.LoginPageTest@27912e3</td></tr>
<tr>
<td title='tests.CartPageTest.setup()'><b>setup</b><br>Test class: tests.CartPageTest</td>
<td></td>
<td>0</td>
<td>tests.CartPageTest@14f232c4</td></tr>
<tr>
<td title='tests.OrderSummaryPageTest.teardown()'><b>teardown</b><br>Test class: tests.OrderSummaryPageTest</td>
<td></td>
<td>0</td>
<td>tests.OrderSummaryPageTest@24c22fe</td></tr>
<tr>
<td title='tests.ProductDetailPageTest.setup()'><b>setup</b><br>Test class: tests.ProductDetailPageTest</td>
<td></td>
<td>0</td>
<td>tests.ProductDetailPageTest@2415fc55</td></tr>
<tr>
<td title='tests.LoginPageTest.tearDown()'><b>tearDown</b><br>Test class: tests.LoginPageTest</td>
<td></td>
<td>0</td>
<td>tests.LoginPageTest@27912e3</td></tr>
<tr>
<td title='tests.OrderConfimationPageTest.tearDown()'><b>tearDown</b><br>Test class: tests.OrderConfimationPageTest</td>
<td></td>
<td>0</td>
<td>tests.OrderConfimationPageTest@93081b6</td></tr>
<tr>
<td title='tests.ProductTest.tearDown()'><b>tearDown</b><br>Test class: tests.ProductTest</td>
<td></td>
<td>0</td>
<td>tests.ProductTest@791d1f8b</td></tr>
<tr>
<td title='tests.ProductTest.tearDown()'><b>tearDown</b><br>Test class: tests.ProductTest</td>
<td></td>
<td>0</td>
<td>tests.ProductTest@791d1f8b</td></tr>
<tr>
<td title='tests.CartPageTest.tearDown()'><b>tearDown</b><br>Test class: tests.CartPageTest</td>
<td></td>
<td>0</td>
<td>tests.CartPageTest@14f232c4</td></tr>
<tr>
<td title='tests.ProductTest.setup()'><b>setup</b><br>Test class: tests.ProductTest</td>
<td></td>
<td>0</td>
<td>tests.ProductTest@791d1f8b</td></tr>
<tr>
<td title='tests.ProductTest.setup()'><b>setup</b><br>Test class: tests.ProductTest</td>
<td></td>
<td>0</td>
<td>tests.ProductTest@791d1f8b</td></tr>
<tr>
<td title='tests.ProductTest.setup()'><b>setup</b><br>Test class: tests.ProductTest</td>
<td></td>
<td>0</td>
<td>tests.ProductTest@791d1f8b</td></tr>
<tr>
<td title='tests.LoginPageTest.setup()'><b>setup</b><br>Test class: tests.LoginPageTest</td>
<td></td>
<td>0</td>
<td>tests.LoginPageTest@27912e3</td></tr>
<tr>
<td title='tests.CartPageTest.tearDown()'><b>tearDown</b><br>Test class: tests.CartPageTest</td>
<td></td>
<td>0</td>
<td>tests.CartPageTest@14f232c4</td></tr>
<tr>
<td title='tests.CartPageTest.setup()'><b>setup</b><br>Test class: tests.CartPageTest</td>
<td></td>
<td>0</td>
<td>tests.CartPageTest@14f232c4</td></tr>
<tr>
<td title='tests.AddressPageTest.setup()'><b>setup</b><br>Test class: tests.AddressPageTest</td>
<td></td>
<td>0</td>
<td>tests.AddressPageTest@13bc8645</td></tr>
<tr>
<td title='tests.CartPageTest.setup()'><b>setup</b><br>Test class: tests.CartPageTest</td>
<td></td>
<td>0</td>
<td>tests.CartPageTest@14f232c4</td></tr>
<tr>
<td title='tests.ProductDetailPageTest.tearDown()'><b>tearDown</b><br>Test class: tests.ProductDetailPageTest</td>
<td></td>
<td>0</td>
<td>tests.ProductDetailPageTest@2415fc55</td></tr>
<tr>
<td title='tests.OrderSummaryPageTest.teardown()'><b>teardown</b><br>Test class: tests.OrderSummaryPageTest</td>
<td></td>
<td>0</td>
<td>tests.OrderSummaryPageTest@24c22fe</td></tr>
<tr>
<td title='tests.ProductTest.tearDown()'><b>tearDown</b><br>Test class: tests.ProductTest</td>
<td></td>
<td>0</td>
<td>tests.ProductTest@791d1f8b</td></tr>
<tr>
<td title='tests.ProductTest.tearDown()'><b>tearDown</b><br>Test class: tests.ProductTest</td>
<td></td>
<td>0</td>
<td>tests.ProductTest@791d1f8b</td></tr>
<tr>
<td title='tests.AddressPageTest.setup()'><b>setup</b><br>Test class: tests.AddressPageTest</td>
<td></td>
<td>0</td>
<td>tests.AddressPageTest@13bc8645</td></tr>
<tr>
<td title='tests.AddressPageTest.setup()'><b>setup</b><br>Test class: tests.AddressPageTest</td>
<td></td>
<td>0</td>
<td>tests.AddressPageTest@13bc8645</td></tr>
<tr>
<td title='tests.ProductTest.setup()'><b>setup</b><br>Test class: tests.ProductTest</td>
<td></td>
<td>0</td>
<td>tests.ProductTest@791d1f8b</td></tr>
<tr>
<td title='tests.OrderSummaryPageTest.setup()'><b>setup</b><br>Test class: tests.OrderSummaryPageTest</td>
<td></td>
<td>0</td>
<td>tests.OrderSummaryPageTest@24c22fe</td></tr>
<tr>
<td title='tests.CartPageTest.tearDown()'><b>tearDown</b><br>Test class: tests.CartPageTest</td>
<td></td>
<td>0</td>
<td>tests.CartPageTest@14f232c4</td></tr>
<tr>
<td title='tests.AddressPageTest.tearDown()'><b>tearDown</b><br>Test class: tests.AddressPageTest</td>
<td></td>
<td>0</td>
<td>tests.AddressPageTest@13bc8645</td></tr>
<tr>
<td title='tests.ProductTest.tearDown()'><b>tearDown</b><br>Test class: tests.ProductTest</td>
<td></td>
<td>0</td>
<td>tests.ProductTest@791d1f8b</td></tr>
<tr>
<td title='tests.CartPageTest.setup()'><b>setup</b><br>Test class: tests.CartPageTest</td>
<td></td>
<td>0</td>
<td>tests.CartPageTest@14f232c4</td></tr>
<tr>
<td title='tests.LoginPageTest.tearDown()'><b>tearDown</b><br>Test class: tests.LoginPageTest</td>
<td></td>
<td>0</td>
<td>tests.LoginPageTest@27912e3</td></tr>
<tr>
<td title='tests.ProductTest.tearDown()'><b>tearDown</b><br>Test class: tests.ProductTest</td>
<td></td>
<td>0</td>
<td>tests.ProductTest@791d1f8b</td></tr>
<tr>
<td title='tests.ProductDetailPageTest.tearDown()'><b>tearDown</b><br>Test class: tests.ProductDetailPageTest</td>
<td></td>
<td>0</td>
<td>tests.ProductDetailPageTest@2415fc55</td></tr>
<tr>
<td title='tests.AddressPageTest.tearDown()'><b>tearDown</b><br>Test class: tests.AddressPageTest</td>
<td></td>
<td>0</td>
<td>tests.AddressPageTest@13bc8645</td></tr>
<tr>
<td title='tests.OrderConfimationPageTest.setup()'><b>setup</b><br>Test class: tests.OrderConfimationPageTest</td>
<td></td>
<td>0</td>
<td>tests.OrderConfimationPageTest@93081b6</td></tr>
<tr>
<td title='tests.LoginPageTest.setup()'><b>setup</b><br>Test class: tests.LoginPageTest</td>
<td></td>
<td>0</td>
<td>tests.LoginPageTest@27912e3</td></tr>
<tr>
<td title='tests.ProductDetailPageTest.tearDown()'><b>tearDown</b><br>Test class: tests.ProductDetailPageTest</td>
<td></td>
<td>0</td>
<td>tests.ProductDetailPageTest@2415fc55</td></tr>
<tr>
<td title='tests.AddressPageTest.tearDown()'><b>tearDown</b><br>Test class: tests.AddressPageTest</td>
<td></td>
<td>0</td>
<td>tests.AddressPageTest@13bc8645</td></tr>
<tr>
<td title='tests.LoginPageTest.tearDown()'><b>tearDown</b><br>Test class: tests.LoginPageTest</td>
<td></td>
<td>0</td>
<td>tests.LoginPageTest@27912e3</td></tr>
<tr>
<td title='tests.ProductDetailPageTest.setup()'><b>setup</b><br>Test class: tests.ProductDetailPageTest</td>
<td></td>
<td>0</td>
<td>tests.ProductDetailPageTest@2415fc55</td></tr>
</table><p>
<table width='100%' border='1' class='invocation-skipped'>
<tr><td colspan='4' align='center'><b>SKIPPED TESTS</b></td></tr>
<tr><td><b>Test method</b></td>
<td><b>Attribute(s)</b></td>
<td width="30%"><b>Exception</b></td>
<td width="10%"><b>Time (seconds)</b></td>
<td><b>Instance</b></td>
</tr>
<tr>
<td title='tests.AddressPageTest.validateAddressContinueButton()'><b>validateAddressContinueButton</b><br>Test class: tests.AddressPageTest<br>Parameters: {Username=standard_user, Password=secret_sauce}</td>
<td><div><pre>java.io.FileNotFoundException: D:\eclipse workplace\SwagLabs\Resources\global.properties (The system cannot find the path specified)
	at java.base/java.io.FileInputStream.open0(Native Method)
	at java.base/java.io.FileInputStream.open(FileInputStream.java:219)
	at java.base/java.io.FileInputStream.&lt;init&gt;(FileInputStream.java:159)
	at java.base/java.io.FileInputStream.&lt;init&gt;(FileInputStream.java:112)
	at pages.BaseClass.loadConfig(BaseClass.java:33)
... Removed 17 stack frames</pre></div><a href='#' onClick='toggleBox("stack-trace1840940155", this, "Click to show all stack frames", "Click to hide stack frames")'>Click to show all stack frames</a>
<div class='stack-trace' id='stack-trace1840940155'><pre>java.io.FileNotFoundException: D:\eclipse workplace\SwagLabs\Resources\global.properties (The system cannot find the path specified)
	at java.base/java.io.FileInputStream.open0(Native Method)
	at java.base/java.io.FileInputStream.open(FileInputStream.java:219)
	at java.base/java.io.FileInputStream.&lt;init&gt;(FileInputStream.java:159)
	at java.base/java.io.FileInputStream.&lt;init&gt;(FileInputStream.java:112)
	at pages.BaseClass.loadConfig(BaseClass.java:33)
	at java.base/jdk.internal.reflect.DirectMethodHandleAccessor.invoke(DirectMethodHandleAccessor.java:103)
	at java.base/java.lang.reflect.Method.invoke(Method.java:580)
	at org.testng.internal.invokers.MethodInvocationHelper.invokeMethod(MethodInvocationHelper.java:141)
	at org.testng.internal.invokers.MethodInvocationHelper.invokeMethodConsideringTimeout(MethodInvocationHelper.java:71)
	at org.testng.internal.invokers.ConfigInvoker.invokeConfigurationMethod(ConfigInvoker.java:400)
	at org.testng.internal.invokers.ConfigInvoker.invokeConfigurations(ConfigInvoker.java:333)
	at org.testng.SuiteRunner.privateRun(SuiteRunner.java:358)
	at org.testng.SuiteRunner.run(SuiteRunner.java:312)
	at org.testng.SuiteRunnerWorker.runSuite(SuiteRunnerWorker.java:52)
	at org.testng.SuiteRunnerWorker.run(SuiteRunnerWorker.java:95)
	at org.testng.TestNG.runSuitesSequentially(TestNG.java:1274)
	at org.testng.TestNG.runSuitesLocally(TestNG.java:1208)
	at org.testng.TestNG.runSuites(TestNG.java:1112)
	at org.testng.TestNG.run(TestNG.java:1079)
	at org.testng.remote.AbstractRemoteTestNG.run(AbstractRemoteTestNG.java:115)
	at org.testng.remote.RemoteTestNG.initAndRun(RemoteTestNG.java:293)
	at org.testng.remote.RemoteTestNG.main(RemoteTestNG.java:91)
</pre></div></td>
<td>0</td>
<td>tests.AddressPageTest@13bc8645</td></tr>
<tr>
<td title='tests.ProductDetailPageTest.validateAddToCart()'><b>validateAddToCart</b><br>Test class: tests.ProductDetailPageTest<br>Parameters: {Username=standard_user, Password=secret_sauce}</td>
<td><div><pre>java.io.FileNotFoundException: D:\eclipse workplace\SwagLabs\Resources\global.properties (The system cannot find the path specified)
	at java.base/java.io.FileInputStream.open0(Native Method)
	at java.base/java.io.FileInputStream.open(FileInputStream.java:219)
	at java.base/java.io.FileInputStream.&lt;init&gt;(FileInputStream.java:159)
	at java.base/java.io.FileInputStream.&lt;init&gt;(FileInputStream.java:112)
	at pages.BaseClass.loadConfig(BaseClass.java:33)
... Removed 17 stack frames</pre></div><a href='#' onClick='toggleBox("stack-trace1746117425", this, "Click to show all stack frames", "Click to hide stack frames")'>Click to show all stack frames</a>
<div class='stack-trace' id='stack-trace1746117425'><pre>java.io.FileNotFoundException: D:\eclipse workplace\SwagLabs\Resources\global.properties (The system cannot find the path specified)
	at java.base/java.io.FileInputStream.open0(Native Method)
	at java.base/java.io.FileInputStream.open(FileInputStream.java:219)
	at java.base/java.io.FileInputStream.&lt;init&gt;(FileInputStream.java:159)
	at java.base/java.io.FileInputStream.&lt;init&gt;(FileInputStream.java:112)
	at pages.BaseClass.loadConfig(BaseClass.java:33)
	at java.base/jdk.internal.reflect.DirectMethodHandleAccessor.invoke(DirectMethodHandleAccessor.java:103)
	at java.base/java.lang.reflect.Method.invoke(Method.java:580)
	at org.testng.internal.invokers.MethodInvocationHelper.invokeMethod(MethodInvocationHelper.java:141)
	at org.testng.internal.invokers.MethodInvocationHelper.invokeMethodConsideringTimeout(MethodInvocationHelper.java:71)
	at org.testng.internal.invokers.ConfigInvoker.invokeConfigurationMethod(ConfigInvoker.java:400)
	at org.testng.internal.invokers.ConfigInvoker.invokeConfigurations(ConfigInvoker.java:333)
	at org.testng.SuiteRunner.privateRun(SuiteRunner.java:358)
	at org.testng.SuiteRunner.run(SuiteRunner.java:312)
	at org.testng.SuiteRunnerWorker.runSuite(SuiteRunnerWorker.java:52)
	at org.testng.SuiteRunnerWorker.run(SuiteRunnerWorker.java:95)
	at org.testng.TestNG.runSuitesSequentially(TestNG.java:1274)
	at org.testng.TestNG.runSuitesLocally(TestNG.java:1208)
	at org.testng.TestNG.runSuites(TestNG.java:1112)
	at org.testng.TestNG.run(TestNG.java:1079)
	at org.testng.remote.AbstractRemoteTestNG.run(AbstractRemoteTestNG.java:115)
	at org.testng.remote.RemoteTestNG.initAndRun(RemoteTestNG.java:293)
	at org.testng.remote.RemoteTestNG.main(RemoteTestNG.java:91)
</pre></div></td>
<td>0</td>
<td>tests.ProductDetailPageTest@2415fc55</td></tr>
<tr>
<td title='tests.OrderSummaryPageTest.validateCancelButton()'><b>validateCancelButton</b><br>Test class: tests.OrderSummaryPageTest<br>Parameters: {Username=standard_user, Password=secret_sauce}</td>
<td><div><pre>java.io.FileNotFoundException: D:\eclipse workplace\SwagLabs\Resources\global.properties (The system cannot find the path specified)
	at java.base/java.io.FileInputStream.open0(Native Method)
	at java.base/java.io.FileInputStream.open(FileInputStream.java:219)
	at java.base/java.io.FileInputStream.&lt;init&gt;(FileInputStream.java:159)
	at java.base/java.io.FileInputStream.&lt;init&gt;(FileInputStream.java:112)
	at pages.BaseClass.loadConfig(BaseClass.java:33)
... Removed 17 stack frames</pre></div><a href='#' onClick='toggleBox("stack-trace809822663", this, "Click to show all stack frames", "Click to hide stack frames")'>Click to show all stack frames</a>
<div class='stack-trace' id='stack-trace809822663'><pre>java.io.FileNotFoundException: D:\eclipse workplace\SwagLabs\Resources\global.properties (The system cannot find the path specified)
	at java.base/java.io.FileInputStream.open0(Native Method)
	at java.base/java.io.FileInputStream.open(FileInputStream.java:219)
	at java.base/java.io.FileInputStream.&lt;init&gt;(FileInputStream.java:159)
	at java.base/java.io.FileInputStream.&lt;init&gt;(FileInputStream.java:112)
	at pages.BaseClass.loadConfig(BaseClass.java:33)
	at java.base/jdk.internal.reflect.DirectMethodHandleAccessor.invoke(DirectMethodHandleAccessor.java:103)
	at java.base/java.lang.reflect.Method.invoke(Method.java:580)
	at org.testng.internal.invokers.MethodInvocationHelper.invokeMethod(MethodInvocationHelper.java:141)
	at org.testng.internal.invokers.MethodInvocationHelper.invokeMethodConsideringTimeout(MethodInvocationHelper.java:71)
	at org.testng.internal.invokers.ConfigInvoker.invokeConfigurationMethod(ConfigInvoker.java:400)
	at org.testng.internal.invokers.ConfigInvoker.invokeConfigurations(ConfigInvoker.java:333)
	at org.testng.SuiteRunner.privateRun(SuiteRunner.java:358)
	at org.testng.SuiteRunner.run(SuiteRunner.java:312)
	at org.testng.SuiteRunnerWorker.runSuite(SuiteRunnerWorker.java:52)
	at org.testng.SuiteRunnerWorker.run(SuiteRunnerWorker.java:95)
	at org.testng.TestNG.runSuitesSequentially(TestNG.java:1274)
	at org.testng.TestNG.runSuitesLocally(TestNG.java:1208)
	at org.testng.TestNG.runSuites(TestNG.java:1112)
	at org.testng.TestNG.run(TestNG.java:1079)
	at org.testng.remote.AbstractRemoteTestNG.run(AbstractRemoteTestNG.java:115)
	at org.testng.remote.RemoteTestNG.initAndRun(RemoteTestNG.java:293)
	at org.testng.remote.RemoteTestNG.main(RemoteTestNG.java:91)
</pre></div></td>
<td>0</td>
<td>tests.OrderSummaryPageTest@24c22fe</td></tr>
<tr>
<td title='tests.OrderSummaryPageTest.validateOrderSummary()'><b>validateOrderSummary</b><br>Test class: tests.OrderSummaryPageTest<br>Parameters: {Username=standard_user, Password=secret_sauce}</td>
<td><div><pre>java.io.FileNotFoundException: D:\eclipse workplace\SwagLabs\Resources\global.properties (The system cannot find the path specified)
	at java.base/java.io.FileInputStream.open0(Native Method)
	at java.base/java.io.FileInputStream.open(FileInputStream.java:219)
	at java.base/java.io.FileInputStream.&lt;init&gt;(FileInputStream.java:159)
	at java.base/java.io.FileInputStream.&lt;init&gt;(FileInputStream.java:112)
	at pages.BaseClass.loadConfig(BaseClass.java:33)
... Removed 17 stack frames</pre></div><a href='#' onClick='toggleBox("stack-trace949314262", this, "Click to show all stack frames", "Click to hide stack frames")'>Click to show all stack frames</a>
<div class='stack-trace' id='stack-trace949314262'><pre>java.io.FileNotFoundException: D:\eclipse workplace\SwagLabs\Resources\global.properties (The system cannot find the path specified)
	at java.base/java.io.FileInputStream.open0(Native Method)
	at java.base/java.io.FileInputStream.open(FileInputStream.java:219)
	at java.base/java.io.FileInputStream.&lt;init&gt;(FileInputStream.java:159)
	at java.base/java.io.FileInputStream.&lt;init&gt;(FileInputStream.java:112)
	at pages.BaseClass.loadConfig(BaseClass.java:33)
	at java.base/jdk.internal.reflect.DirectMethodHandleAccessor.invoke(DirectMethodHandleAccessor.java:103)
	at java.base/java.lang.reflect.Method.invoke(Method.java:580)
	at org.testng.internal.invokers.MethodInvocationHelper.invokeMethod(MethodInvocationHelper.java:141)
	at org.testng.internal.invokers.MethodInvocationHelper.invokeMethodConsideringTimeout(MethodInvocationHelper.java:71)
	at org.testng.internal.invokers.ConfigInvoker.invokeConfigurationMethod(ConfigInvoker.java:400)
	at org.testng.internal.invokers.ConfigInvoker.invokeConfigurations(ConfigInvoker.java:333)
	at org.testng.SuiteRunner.privateRun(SuiteRunner.java:358)
	at org.testng.SuiteRunner.run(SuiteRunner.java:312)
	at org.testng.SuiteRunnerWorker.runSuite(SuiteRunnerWorker.java:52)
	at org.testng.SuiteRunnerWorker.run(SuiteRunnerWorker.java:95)
	at org.testng.TestNG.runSuitesSequentially(TestNG.java:1274)
	at org.testng.TestNG.runSuitesLocally(TestNG.java:1208)
	at org.testng.TestNG.runSuites(TestNG.java:1112)
	at org.testng.TestNG.run(TestNG.java:1079)
	at org.testng.remote.AbstractRemoteTestNG.run(AbstractRemoteTestNG.java:115)
	at org.testng.remote.RemoteTestNG.initAndRun(RemoteTestNG.java:293)
	at org.testng.remote.RemoteTestNG.main(RemoteTestNG.java:91)
</pre></div></td>
<td>0</td>
<td>tests.OrderSummaryPageTest@24c22fe</td></tr>
<tr>
<td title='tests.LoginPageTest.verifyLoginnew()'><b>verifyLoginnew</b><br>Test class: tests.LoginPageTest<br>Parameters: {Username=standard_user, Password=secret_sauce}</td>
<td><div><pre>java.io.FileNotFoundException: D:\eclipse workplace\SwagLabs\Resources\global.properties (The system cannot find the path specified)
	at java.base/java.io.FileInputStream.open0(Native Method)
	at java.base/java.io.FileInputStream.open(FileInputStream.java:219)
	at java.base/java.io.FileInputStream.&lt;init&gt;(FileInputStream.java:159)
	at java.base/java.io.FileInputStream.&lt;init&gt;(FileInputStream.java:112)
	at pages.BaseClass.loadConfig(BaseClass.java:33)
... Removed 17 stack frames</pre></div><a href='#' onClick='toggleBox("stack-trace1956746660", this, "Click to show all stack frames", "Click to hide stack frames")'>Click to show all stack frames</a>
<div class='stack-trace' id='stack-trace1956746660'><pre>java.io.FileNotFoundException: D:\eclipse workplace\SwagLabs\Resources\global.properties (The system cannot find the path specified)
	at java.base/java.io.FileInputStream.open0(Native Method)
	at java.base/java.io.FileInputStream.open(FileInputStream.java:219)
	at java.base/java.io.FileInputStream.&lt;init&gt;(FileInputStream.java:159)
	at java.base/java.io.FileInputStream.&lt;init&gt;(FileInputStream.java:112)
	at pages.BaseClass.loadConfig(BaseClass.java:33)
	at java.base/jdk.internal.reflect.DirectMethodHandleAccessor.invoke(DirectMethodHandleAccessor.java:103)
	at java.base/java.lang.reflect.Method.invoke(Method.java:580)
	at org.testng.internal.invokers.MethodInvocationHelper.invokeMethod(MethodInvocationHelper.java:141)
	at org.testng.internal.invokers.MethodInvocationHelper.invokeMethodConsideringTimeout(MethodInvocationHelper.java:71)
	at org.testng.internal.invokers.ConfigInvoker.invokeConfigurationMethod(ConfigInvoker.java:400)
	at org.testng.internal.invokers.ConfigInvoker.invokeConfigurations(ConfigInvoker.java:333)
	at org.testng.SuiteRunner.privateRun(SuiteRunner.java:358)
	at org.testng.SuiteRunner.run(SuiteRunner.java:312)
	at org.testng.SuiteRunnerWorker.runSuite(SuiteRunnerWorker.java:52)
	at org.testng.SuiteRunnerWorker.run(SuiteRunnerWorker.java:95)
	at org.testng.TestNG.runSuitesSequentially(TestNG.java:1274)
	at org.testng.TestNG.runSuitesLocally(TestNG.java:1208)
	at org.testng.TestNG.runSuites(TestNG.java:1112)
	at org.testng.TestNG.run(TestNG.java:1079)
	at org.testng.remote.AbstractRemoteTestNG.run(AbstractRemoteTestNG.java:115)
	at org.testng.remote.RemoteTestNG.initAndRun(RemoteTestNG.java:293)
	at org.testng.remote.RemoteTestNG.main(RemoteTestNG.java:91)
</pre></div></td>
<td>0</td>
<td>tests.LoginPageTest@27912e3</td></tr>
<tr>
<td title='tests.AddressPageTest.validateAddressEmptyData()'><b>validateAddressEmptyData</b><br>Test class: tests.AddressPageTest<br>Parameters: {Username=standard_user, Password=secret_sauce}</td>
<td><div><pre>java.io.FileNotFoundException: D:\eclipse workplace\SwagLabs\Resources\global.properties (The system cannot find the path specified)
	at java.base/java.io.FileInputStream.open0(Native Method)
	at java.base/java.io.FileInputStream.open(FileInputStream.java:219)
	at java.base/java.io.FileInputStream.&lt;init&gt;(FileInputStream.java:159)
	at java.base/java.io.FileInputStream.&lt;init&gt;(FileInputStream.java:112)
	at pages.BaseClass.loadConfig(BaseClass.java:33)
... Removed 17 stack frames</pre></div><a href='#' onClick='toggleBox("stack-trace1492219097", this, "Click to show all stack frames", "Click to hide stack frames")'>Click to show all stack frames</a>
<div class='stack-trace' id='stack-trace1492219097'><pre>java.io.FileNotFoundException: D:\eclipse workplace\SwagLabs\Resources\global.properties (The system cannot find the path specified)
	at java.base/java.io.FileInputStream.open0(Native Method)
	at java.base/java.io.FileInputStream.open(FileInputStream.java:219)
	at java.base/java.io.FileInputStream.&lt;init&gt;(FileInputStream.java:159)
	at java.base/java.io.FileInputStream.&lt;init&gt;(FileInputStream.java:112)
	at pages.BaseClass.loadConfig(BaseClass.java:33)
	at java.base/jdk.internal.reflect.DirectMethodHandleAccessor.invoke(DirectMethodHandleAccessor.java:103)
	at java.base/java.lang.reflect.Method.invoke(Method.java:580)
	at org.testng.internal.invokers.MethodInvocationHelper.invokeMethod(MethodInvocationHelper.java:141)
	at org.testng.internal.invokers.MethodInvocationHelper.invokeMethodConsideringTimeout(MethodInvocationHelper.java:71)
	at org.testng.internal.invokers.ConfigInvoker.invokeConfigurationMethod(ConfigInvoker.java:400)
	at org.testng.internal.invokers.ConfigInvoker.invokeConfigurations(ConfigInvoker.java:333)
	at org.testng.SuiteRunner.privateRun(SuiteRunner.java:358)
	at org.testng.SuiteRunner.run(SuiteRunner.java:312)
	at org.testng.SuiteRunnerWorker.runSuite(SuiteRunnerWorker.java:52)
	at org.testng.SuiteRunnerWorker.run(SuiteRunnerWorker.java:95)
	at org.testng.TestNG.runSuitesSequentially(TestNG.java:1274)
	at org.testng.TestNG.runSuitesLocally(TestNG.java:1208)
	at org.testng.TestNG.runSuites(TestNG.java:1112)
	at org.testng.TestNG.run(TestNG.java:1079)
	at org.testng.remote.AbstractRemoteTestNG.run(AbstractRemoteTestNG.java:115)
	at org.testng.remote.RemoteTestNG.initAndRun(RemoteTestNG.java:293)
	at org.testng.remote.RemoteTestNG.main(RemoteTestNG.java:91)
</pre></div></td>
<td>0</td>
<td>tests.AddressPageTest@13bc8645</td></tr>
<tr>
<td title='tests.ProductDetailPageTest.validateBackToProductListing()'><b>validateBackToProductListing</b><br>Test class: tests.ProductDetailPageTest<br>Parameters: {Username=standard_user, Password=secret_sauce}</td>
<td><div><pre>java.io.FileNotFoundException: D:\eclipse workplace\SwagLabs\Resources\global.properties (The system cannot find the path specified)
	at java.base/java.io.FileInputStream.open0(Native Method)
	at java.base/java.io.FileInputStream.open(FileInputStream.java:219)
	at java.base/java.io.FileInputStream.&lt;init&gt;(FileInputStream.java:159)
	at java.base/java.io.FileInputStream.&lt;init&gt;(FileInputStream.java:112)
	at pages.BaseClass.loadConfig(BaseClass.java:33)
... Removed 17 stack frames</pre></div><a href='#' onClick='toggleBox("stack-trace2027701910", this, "Click to show all stack frames", "Click to hide stack frames")'>Click to show all stack frames</a>
<div class='stack-trace' id='stack-trace2027701910'><pre>java.io.FileNotFoundException: D:\eclipse workplace\SwagLabs\Resources\global.properties (The system cannot find the path specified)
	at java.base/java.io.FileInputStream.open0(Native Method)
	at java.base/java.io.FileInputStream.open(FileInputStream.java:219)
	at java.base/java.io.FileInputStream.&lt;init&gt;(FileInputStream.java:159)
	at java.base/java.io.FileInputStream.&lt;init&gt;(FileInputStream.java:112)
	at pages.BaseClass.loadConfig(BaseClass.java:33)
	at java.base/jdk.internal.reflect.DirectMethodHandleAccessor.invoke(DirectMethodHandleAccessor.java:103)
	at java.base/java.lang.reflect.Method.invoke(Method.java:580)
	at org.testng.internal.invokers.MethodInvocationHelper.invokeMethod(MethodInvocationHelper.java:141)
	at org.testng.internal.invokers.MethodInvocationHelper.invokeMethodConsideringTimeout(MethodInvocationHelper.java:71)
	at org.testng.internal.invokers.ConfigInvoker.invokeConfigurationMethod(ConfigInvoker.java:400)
	at org.testng.internal.invokers.ConfigInvoker.invokeConfigurations(ConfigInvoker.java:333)
	at org.testng.SuiteRunner.privateRun(SuiteRunner.java:358)
	at org.testng.SuiteRunner.run(SuiteRunner.java:312)
	at org.testng.SuiteRunnerWorker.runSuite(SuiteRunnerWorker.java:52)
	at org.testng.SuiteRunnerWorker.run(SuiteRunnerWorker.java:95)
	at org.testng.TestNG.runSuitesSequentially(TestNG.java:1274)
	at org.testng.TestNG.runSuitesLocally(TestNG.java:1208)
	at org.testng.TestNG.runSuites(TestNG.java:1112)
	at org.testng.TestNG.run(TestNG.java:1079)
	at org.testng.remote.AbstractRemoteTestNG.run(AbstractRemoteTestNG.java:115)
	at org.testng.remote.RemoteTestNG.initAndRun(RemoteTestNG.java:293)
	at org.testng.remote.RemoteTestNG.main(RemoteTestNG.java:91)
</pre></div></td>
<td>0</td>
<td>tests.ProductDetailPageTest@2415fc55</td></tr>
<tr>
<td title='tests.ProductDetailPageTest.validateProductDetail()'><b>validateProductDetail</b><br>Test class: tests.ProductDetailPageTest<br>Parameters: {Username=standard_user, Password=secret_sauce}</td>
<td><div><pre>java.io.FileNotFoundException: D:\eclipse workplace\SwagLabs\Resources\global.properties (The system cannot find the path specified)
	at java.base/java.io.FileInputStream.open0(Native Method)
	at java.base/java.io.FileInputStream.open(FileInputStream.java:219)
	at java.base/java.io.FileInputStream.&lt;init&gt;(FileInputStream.java:159)
	at java.base/java.io.FileInputStream.&lt;init&gt;(FileInputStream.java:112)
	at pages.BaseClass.loadConfig(BaseClass.java:33)
... Removed 17 stack frames</pre></div><a href='#' onClick='toggleBox("stack-trace2065886345", this, "Click to show all stack frames", "Click to hide stack frames")'>Click to show all stack frames</a>
<div class='stack-trace' id='stack-trace2065886345'><pre>java.io.FileNotFoundException: D:\eclipse workplace\SwagLabs\Resources\global.properties (The system cannot find the path specified)
	at java.base/java.io.FileInputStream.open0(Native Method)
	at java.base/java.io.FileInputStream.open(FileInputStream.java:219)
	at java.base/java.io.FileInputStream.&lt;init&gt;(FileInputStream.java:159)
	at java.base/java.io.FileInputStream.&lt;init&gt;(FileInputStream.java:112)
	at pages.BaseClass.loadConfig(BaseClass.java:33)
	at java.base/jdk.internal.reflect.DirectMethodHandleAccessor.invoke(DirectMethodHandleAccessor.java:103)
	at java.base/java.lang.reflect.Method.invoke(Method.java:580)
	at org.testng.internal.invokers.MethodInvocationHelper.invokeMethod(MethodInvocationHelper.java:141)
	at org.testng.internal.invokers.MethodInvocationHelper.invokeMethodConsideringTimeout(MethodInvocationHelper.java:71)
	at org.testng.internal.invokers.ConfigInvoker.invokeConfigurationMethod(ConfigInvoker.java:400)
	at org.testng.internal.invokers.ConfigInvoker.invokeConfigurations(ConfigInvoker.java:333)
	at org.testng.SuiteRunner.privateRun(SuiteRunner.java:358)
	at org.testng.SuiteRunner.run(SuiteRunner.java:312)
	at org.testng.SuiteRunnerWorker.runSuite(SuiteRunnerWorker.java:52)
	at org.testng.SuiteRunnerWorker.run(SuiteRunnerWorker.java:95)
	at org.testng.TestNG.runSuitesSequentially(TestNG.java:1274)
	at org.testng.TestNG.runSuitesLocally(TestNG.java:1208)
	at org.testng.TestNG.runSuites(TestNG.java:1112)
	at org.testng.TestNG.run(TestNG.java:1079)
	at org.testng.remote.AbstractRemoteTestNG.run(AbstractRemoteTestNG.java:115)
	at org.testng.remote.RemoteTestNG.initAndRun(RemoteTestNG.java:293)
	at org.testng.remote.RemoteTestNG.main(RemoteTestNG.java:91)
</pre></div></td>
<td>0</td>
<td>tests.ProductDetailPageTest@2415fc55</td></tr>
<tr>
<td title='tests.CartPageTest.validateCartPage()'><b>validateCartPage</b><br>Test class: tests.CartPageTest<br>Parameters: {Username=standard_user, Password=secret_sauce}</td>
<td><div><pre>java.io.FileNotFoundException: D:\eclipse workplace\SwagLabs\Resources\global.properties (The system cannot find the path specified)
	at java.base/java.io.FileInputStream.open0(Native Method)
	at java.base/java.io.FileInputStream.open(FileInputStream.java:219)
	at java.base/java.io.FileInputStream.&lt;init&gt;(FileInputStream.java:159)
	at java.base/java.io.FileInputStream.&lt;init&gt;(FileInputStream.java:112)
	at pages.BaseClass.loadConfig(BaseClass.java:33)
... Removed 17 stack frames</pre></div><a href='#' onClick='toggleBox("stack-trace1671007220", this, "Click to show all stack frames", "Click to hide stack frames")'>Click to show all stack frames</a>
<div class='stack-trace' id='stack-trace1671007220'><pre>java.io.FileNotFoundException: D:\eclipse workplace\SwagLabs\Resources\global.properties (The system cannot find the path specified)
	at java.base/java.io.FileInputStream.open0(Native Method)
	at java.base/java.io.FileInputStream.open(FileInputStream.java:219)
	at java.base/java.io.FileInputStream.&lt;init&gt;(FileInputStream.java:159)
	at java.base/java.io.FileInputStream.&lt;init&gt;(FileInputStream.java:112)
	at pages.BaseClass.loadConfig(BaseClass.java:33)
	at java.base/jdk.internal.reflect.DirectMethodHandleAccessor.invoke(DirectMethodHandleAccessor.java:103)
	at java.base/java.lang.reflect.Method.invoke(Method.java:580)
	at org.testng.internal.invokers.MethodInvocationHelper.invokeMethod(MethodInvocationHelper.java:141)
	at org.testng.internal.invokers.MethodInvocationHelper.invokeMethodConsideringTimeout(MethodInvocationHelper.java:71)
	at org.testng.internal.invokers.ConfigInvoker.invokeConfigurationMethod(ConfigInvoker.java:400)
	at org.testng.internal.invokers.ConfigInvoker.invokeConfigurations(ConfigInvoker.java:333)
	at org.testng.SuiteRunner.privateRun(SuiteRunner.java:358)
	at org.testng.SuiteRunner.run(SuiteRunner.java:312)
	at org.testng.SuiteRunnerWorker.runSuite(SuiteRunnerWorker.java:52)
	at org.testng.SuiteRunnerWorker.run(SuiteRunnerWorker.java:95)
	at org.testng.TestNG.runSuitesSequentially(TestNG.java:1274)
	at org.testng.TestNG.runSuitesLocally(TestNG.java:1208)
	at org.testng.TestNG.runSuites(TestNG.java:1112)
	at org.testng.TestNG.run(TestNG.java:1079)
	at org.testng.remote.AbstractRemoteTestNG.run(AbstractRemoteTestNG.java:115)
	at org.testng.remote.RemoteTestNG.initAndRun(RemoteTestNG.java:293)
	at org.testng.remote.RemoteTestNG.main(RemoteTestNG.java:91)
</pre></div></td>
<td>0</td>
<td>tests.CartPageTest@14f232c4</td></tr>
<tr>
<td title='tests.ProductTest.verifyDescOrderProduct()'><b>verifyDescOrderProduct</b><br>Test class: tests.ProductTest<br>Parameters: {Username=standard_user, Password=secret_sauce}</td>
<td><div><pre>java.io.FileNotFoundException: D:\eclipse workplace\SwagLabs\Resources\global.properties (The system cannot find the path specified)
	at java.base/java.io.FileInputStream.open0(Native Method)
	at java.base/java.io.FileInputStream.open(FileInputStream.java:219)
	at java.base/java.io.FileInputStream.&lt;init&gt;(FileInputStream.java:159)
	at java.base/java.io.FileInputStream.&lt;init&gt;(FileInputStream.java:112)
	at pages.BaseClass.loadConfig(BaseClass.java:33)
... Removed 17 stack frames</pre></div><a href='#' onClick='toggleBox("stack-trace951677655", this, "Click to show all stack frames", "Click to hide stack frames")'>Click to show all stack frames</a>
<div class='stack-trace' id='stack-trace951677655'><pre>java.io.FileNotFoundException: D:\eclipse workplace\SwagLabs\Resources\global.properties (The system cannot find the path specified)
	at java.base/java.io.FileInputStream.open0(Native Method)
	at java.base/java.io.FileInputStream.open(FileInputStream.java:219)
	at java.base/java.io.FileInputStream.&lt;init&gt;(FileInputStream.java:159)
	at java.base/java.io.FileInputStream.&lt;init&gt;(FileInputStream.java:112)
	at pages.BaseClass.loadConfig(BaseClass.java:33)
	at java.base/jdk.internal.reflect.DirectMethodHandleAccessor.invoke(DirectMethodHandleAccessor.java:103)
	at java.base/java.lang.reflect.Method.invoke(Method.java:580)
	at org.testng.internal.invokers.MethodInvocationHelper.invokeMethod(MethodInvocationHelper.java:141)
	at org.testng.internal.invokers.MethodInvocationHelper.invokeMethodConsideringTimeout(MethodInvocationHelper.java:71)
	at org.testng.internal.invokers.ConfigInvoker.invokeConfigurationMethod(ConfigInvoker.java:400)
	at org.testng.internal.invokers.ConfigInvoker.invokeConfigurations(ConfigInvoker.java:333)
	at org.testng.SuiteRunner.privateRun(SuiteRunner.java:358)
	at org.testng.SuiteRunner.run(SuiteRunner.java:312)
	at org.testng.SuiteRunnerWorker.runSuite(SuiteRunnerWorker.java:52)
	at org.testng.SuiteRunnerWorker.run(SuiteRunnerWorker.java:95)
	at org.testng.TestNG.runSuitesSequentially(TestNG.java:1274)
	at org.testng.TestNG.runSuitesLocally(TestNG.java:1208)
	at org.testng.TestNG.runSuites(TestNG.java:1112)
	at org.testng.TestNG.run(TestNG.java:1079)
	at org.testng.remote.AbstractRemoteTestNG.run(AbstractRemoteTestNG.java:115)
	at org.testng.remote.RemoteTestNG.initAndRun(RemoteTestNG.java:293)
	at org.testng.remote.RemoteTestNG.main(RemoteTestNG.java:91)
</pre></div></td>
<td>0</td>
<td>tests.ProductTest@791d1f8b</td></tr>
<tr>
<td title='tests.ProductTest.addToCartProductFromListing()'><b>addToCartProductFromListing</b><br>Test class: tests.ProductTest<br>Parameters: {Username=standard_user, Password=secret_sauce}</td>
<td><div><pre>java.io.FileNotFoundException: D:\eclipse workplace\SwagLabs\Resources\global.properties (The system cannot find the path specified)
	at java.base/java.io.FileInputStream.open0(Native Method)
	at java.base/java.io.FileInputStream.open(FileInputStream.java:219)
	at java.base/java.io.FileInputStream.&lt;init&gt;(FileInputStream.java:159)
	at java.base/java.io.FileInputStream.&lt;init&gt;(FileInputStream.java:112)
	at pages.BaseClass.loadConfig(BaseClass.java:33)
... Removed 17 stack frames</pre></div><a href='#' onClick='toggleBox("stack-trace533956291", this, "Click to show all stack frames", "Click to hide stack frames")'>Click to show all stack frames</a>
<div class='stack-trace' id='stack-trace533956291'><pre>java.io.FileNotFoundException: D:\eclipse workplace\SwagLabs\Resources\global.properties (The system cannot find the path specified)
	at java.base/java.io.FileInputStream.open0(Native Method)
	at java.base/java.io.FileInputStream.open(FileInputStream.java:219)
	at java.base/java.io.FileInputStream.&lt;init&gt;(FileInputStream.java:159)
	at java.base/java.io.FileInputStream.&lt;init&gt;(FileInputStream.java:112)
	at pages.BaseClass.loadConfig(BaseClass.java:33)
	at java.base/jdk.internal.reflect.DirectMethodHandleAccessor.invoke(DirectMethodHandleAccessor.java:103)
	at java.base/java.lang.reflect.Method.invoke(Method.java:580)
	at org.testng.internal.invokers.MethodInvocationHelper.invokeMethod(MethodInvocationHelper.java:141)
	at org.testng.internal.invokers.MethodInvocationHelper.invokeMethodConsideringTimeout(MethodInvocationHelper.java:71)
	at org.testng.internal.invokers.ConfigInvoker.invokeConfigurationMethod(ConfigInvoker.java:400)
	at org.testng.internal.invokers.ConfigInvoker.invokeConfigurations(ConfigInvoker.java:333)
	at org.testng.SuiteRunner.privateRun(SuiteRunner.java:358)
	at org.testng.SuiteRunner.run(SuiteRunner.java:312)
	at org.testng.SuiteRunnerWorker.runSuite(SuiteRunnerWorker.java:52)
	at org.testng.SuiteRunnerWorker.run(SuiteRunnerWorker.java:95)
	at org.testng.TestNG.runSuitesSequentially(TestNG.java:1274)
	at org.testng.TestNG.runSuitesLocally(TestNG.java:1208)
	at org.testng.TestNG.runSuites(TestNG.java:1112)
	at org.testng.TestNG.run(TestNG.java:1079)
	at org.testng.remote.AbstractRemoteTestNG.run(AbstractRemoteTestNG.java:115)
	at org.testng.remote.RemoteTestNG.initAndRun(RemoteTestNG.java:293)
	at org.testng.remote.RemoteTestNG.main(RemoteTestNG.java:91)
</pre></div></td>
<td>0</td>
<td>tests.ProductTest@791d1f8b</td></tr>
<tr>
<td title='tests.AddressPageTest.validateAddressPage()'><b>validateAddressPage</b><br>Test class: tests.AddressPageTest<br>Parameters: {Username=standard_user, Password=secret_sauce}</td>
<td><div><pre>java.io.FileNotFoundException: D:\eclipse workplace\SwagLabs\Resources\global.properties (The system cannot find the path specified)
	at java.base/java.io.FileInputStream.open0(Native Method)
	at java.base/java.io.FileInputStream.open(FileInputStream.java:219)
	at java.base/java.io.FileInputStream.&lt;init&gt;(FileInputStream.java:159)
	at java.base/java.io.FileInputStream.&lt;init&gt;(FileInputStream.java:112)
	at pages.BaseClass.loadConfig(BaseClass.java:33)
... Removed 17 stack frames</pre></div><a href='#' onClick='toggleBox("stack-trace1518752790", this, "Click to show all stack frames", "Click to hide stack frames")'>Click to show all stack frames</a>
<div class='stack-trace' id='stack-trace1518752790'><pre>java.io.FileNotFoundException: D:\eclipse workplace\SwagLabs\Resources\global.properties (The system cannot find the path specified)
	at java.base/java.io.FileInputStream.open0(Native Method)
	at java.base/java.io.FileInputStream.open(FileInputStream.java:219)
	at java.base/java.io.FileInputStream.&lt;init&gt;(FileInputStream.java:159)
	at java.base/java.io.FileInputStream.&lt;init&gt;(FileInputStream.java:112)
	at pages.BaseClass.loadConfig(BaseClass.java:33)
	at java.base/jdk.internal.reflect.DirectMethodHandleAccessor.invoke(DirectMethodHandleAccessor.java:103)
	at java.base/java.lang.reflect.Method.invoke(Method.java:580)
	at org.testng.internal.invokers.MethodInvocationHelper.invokeMethod(MethodInvocationHelper.java:141)
	at org.testng.internal.invokers.MethodInvocationHelper.invokeMethodConsideringTimeout(MethodInvocationHelper.java:71)
	at org.testng.internal.invokers.ConfigInvoker.invokeConfigurationMethod(ConfigInvoker.java:400)
	at org.testng.internal.invokers.ConfigInvoker.invokeConfigurations(ConfigInvoker.java:333)
	at org.testng.SuiteRunner.privateRun(SuiteRunner.java:358)
	at org.testng.SuiteRunner.run(SuiteRunner.java:312)
	at org.testng.SuiteRunnerWorker.runSuite(SuiteRunnerWorker.java:52)
	at org.testng.SuiteRunnerWorker.run(SuiteRunnerWorker.java:95)
	at org.testng.TestNG.runSuitesSequentially(TestNG.java:1274)
	at org.testng.TestNG.runSuitesLocally(TestNG.java:1208)
	at org.testng.TestNG.runSuites(TestNG.java:1112)
	at org.testng.TestNG.run(TestNG.java:1079)
	at org.testng.remote.AbstractRemoteTestNG.run(AbstractRemoteTestNG.java:115)
	at org.testng.remote.RemoteTestNG.initAndRun(RemoteTestNG.java:293)
	at org.testng.remote.RemoteTestNG.main(RemoteTestNG.java:91)
</pre></div></td>
<td>0</td>
<td>tests.AddressPageTest@13bc8645</td></tr>
<tr>
<td title='tests.ProductTest.verifyProductPriceDscOrder()'><b>verifyProductPriceDscOrder</b><br>Test class: tests.ProductTest<br>Parameters: {Username=standard_user, Password=secret_sauce}</td>
<td><div><pre>java.io.FileNotFoundException: D:\eclipse workplace\SwagLabs\Resources\global.properties (The system cannot find the path specified)
	at java.base/java.io.FileInputStream.open0(Native Method)
	at java.base/java.io.FileInputStream.open(FileInputStream.java:219)
	at java.base/java.io.FileInputStream.&lt;init&gt;(FileInputStream.java:159)
	at java.base/java.io.FileInputStream.&lt;init&gt;(FileInputStream.java:112)
	at pages.BaseClass.loadConfig(BaseClass.java:33)
... Removed 17 stack frames</pre></div><a href='#' onClick='toggleBox("stack-trace2110558717", this, "Click to show all stack frames", "Click to hide stack frames")'>Click to show all stack frames</a>
<div class='stack-trace' id='stack-trace2110558717'><pre>java.io.FileNotFoundException: D:\eclipse workplace\SwagLabs\Resources\global.properties (The system cannot find the path specified)
	at java.base/java.io.FileInputStream.open0(Native Method)
	at java.base/java.io.FileInputStream.open(FileInputStream.java:219)
	at java.base/java.io.FileInputStream.&lt;init&gt;(FileInputStream.java:159)
	at java.base/java.io.FileInputStream.&lt;init&gt;(FileInputStream.java:112)
	at pages.BaseClass.loadConfig(BaseClass.java:33)
	at java.base/jdk.internal.reflect.DirectMethodHandleAccessor.invoke(DirectMethodHandleAccessor.java:103)
	at java.base/java.lang.reflect.Method.invoke(Method.java:580)
	at org.testng.internal.invokers.MethodInvocationHelper.invokeMethod(MethodInvocationHelper.java:141)
	at org.testng.internal.invokers.MethodInvocationHelper.invokeMethodConsideringTimeout(MethodInvocationHelper.java:71)
	at org.testng.internal.invokers.ConfigInvoker.invokeConfigurationMethod(ConfigInvoker.java:400)
	at org.testng.internal.invokers.ConfigInvoker.invokeConfigurations(ConfigInvoker.java:333)
	at org.testng.SuiteRunner.privateRun(SuiteRunner.java:358)
	at org.testng.SuiteRunner.run(SuiteRunner.java:312)
	at org.testng.SuiteRunnerWorker.runSuite(SuiteRunnerWorker.java:52)
	at org.testng.SuiteRunnerWorker.run(SuiteRunnerWorker.java:95)
	at org.testng.TestNG.runSuitesSequentially(TestNG.java:1274)
	at org.testng.TestNG.runSuitesLocally(TestNG.java:1208)
	at org.testng.TestNG.runSuites(TestNG.java:1112)
	at org.testng.TestNG.run(TestNG.java:1079)
	at org.testng.remote.AbstractRemoteTestNG.run(AbstractRemoteTestNG.java:115)
	at org.testng.remote.RemoteTestNG.initAndRun(RemoteTestNG.java:293)
	at org.testng.remote.RemoteTestNG.main(RemoteTestNG.java:91)
</pre></div></td>
<td>0</td>
<td>tests.ProductTest@791d1f8b</td></tr>
<tr>
<td title='tests.CartPageTest.validateCartPageProductTitle()'><b>validateCartPageProductTitle</b><br>Test class: tests.CartPageTest<br>Parameters: {Username=standard_user, Password=secret_sauce}</td>
<td><div><pre>java.io.FileNotFoundException: D:\eclipse workplace\SwagLabs\Resources\global.properties (The system cannot find the path specified)
	at java.base/java.io.FileInputStream.open0(Native Method)
	at java.base/java.io.FileInputStream.open(FileInputStream.java:219)
	at java.base/java.io.FileInputStream.&lt;init&gt;(FileInputStream.java:159)
	at java.base/java.io.FileInputStream.&lt;init&gt;(FileInputStream.java:112)
	at pages.BaseClass.loadConfig(BaseClass.java:33)
... Removed 17 stack frames</pre></div><a href='#' onClick='toggleBox("stack-trace1713546896", this, "Click to show all stack frames", "Click to hide stack frames")'>Click to show all stack frames</a>
<div class='stack-trace' id='stack-trace1713546896'><pre>java.io.FileNotFoundException: D:\eclipse workplace\SwagLabs\Resources\global.properties (The system cannot find the path specified)
	at java.base/java.io.FileInputStream.open0(Native Method)
	at java.base/java.io.FileInputStream.open(FileInputStream.java:219)
	at java.base/java.io.FileInputStream.&lt;init&gt;(FileInputStream.java:159)
	at java.base/java.io.FileInputStream.&lt;init&gt;(FileInputStream.java:112)
	at pages.BaseClass.loadConfig(BaseClass.java:33)
	at java.base/jdk.internal.reflect.DirectMethodHandleAccessor.invoke(DirectMethodHandleAccessor.java:103)
	at java.base/java.lang.reflect.Method.invoke(Method.java:580)
	at org.testng.internal.invokers.MethodInvocationHelper.invokeMethod(MethodInvocationHelper.java:141)
	at org.testng.internal.invokers.MethodInvocationHelper.invokeMethodConsideringTimeout(MethodInvocationHelper.java:71)
	at org.testng.internal.invokers.ConfigInvoker.invokeConfigurationMethod(ConfigInvoker.java:400)
	at org.testng.internal.invokers.ConfigInvoker.invokeConfigurations(ConfigInvoker.java:333)
	at org.testng.SuiteRunner.privateRun(SuiteRunner.java:358)
	at org.testng.SuiteRunner.run(SuiteRunner.java:312)
	at org.testng.SuiteRunnerWorker.runSuite(SuiteRunnerWorker.java:52)
	at org.testng.SuiteRunnerWorker.run(SuiteRunnerWorker.java:95)
	at org.testng.TestNG.runSuitesSequentially(TestNG.java:1274)
	at org.testng.TestNG.runSuitesLocally(TestNG.java:1208)
	at org.testng.TestNG.runSuites(TestNG.java:1112)
	at org.testng.TestNG.run(TestNG.java:1079)
	at org.testng.remote.AbstractRemoteTestNG.run(AbstractRemoteTestNG.java:115)
	at org.testng.remote.RemoteTestNG.initAndRun(RemoteTestNG.java:293)
	at org.testng.remote.RemoteTestNG.main(RemoteTestNG.java:91)
</pre></div></td>
<td>0</td>
<td>tests.CartPageTest@14f232c4</td></tr>
<tr>
<td title='tests.OrderConfimationPageTest.validateOrderConfirmationPage()'><b>validateOrderConfirmationPage</b><br>Test class: tests.OrderConfimationPageTest<br>Parameters: {Username=standard_user, Password=secret_sauce}</td>
<td><div><pre>java.io.FileNotFoundException: D:\eclipse workplace\SwagLabs\Resources\global.properties (The system cannot find the path specified)
	at java.base/java.io.FileInputStream.open0(Native Method)
	at java.base/java.io.FileInputStream.open(FileInputStream.java:219)
	at java.base/java.io.FileInputStream.&lt;init&gt;(FileInputStream.java:159)
	at java.base/java.io.FileInputStream.&lt;init&gt;(FileInputStream.java:112)
	at pages.BaseClass.loadConfig(BaseClass.java:33)
... Removed 17 stack frames</pre></div><a href='#' onClick='toggleBox("stack-trace1124317168", this, "Click to show all stack frames", "Click to hide stack frames")'>Click to show all stack frames</a>
<div class='stack-trace' id='stack-trace1124317168'><pre>java.io.FileNotFoundException: D:\eclipse workplace\SwagLabs\Resources\global.properties (The system cannot find the path specified)
	at java.base/java.io.FileInputStream.open0(Native Method)
	at java.base/java.io.FileInputStream.open(FileInputStream.java:219)
	at java.base/java.io.FileInputStream.&lt;init&gt;(FileInputStream.java:159)
	at java.base/java.io.FileInputStream.&lt;init&gt;(FileInputStream.java:112)
	at pages.BaseClass.loadConfig(BaseClass.java:33)
	at java.base/jdk.internal.reflect.DirectMethodHandleAccessor.invoke(DirectMethodHandleAccessor.java:103)
	at java.base/java.lang.reflect.Method.invoke(Method.java:580)
	at org.testng.internal.invokers.MethodInvocationHelper.invokeMethod(MethodInvocationHelper.java:141)
	at org.testng.internal.invokers.MethodInvocationHelper.invokeMethodConsideringTimeout(MethodInvocationHelper.java:71)
	at org.testng.internal.invokers.ConfigInvoker.invokeConfigurationMethod(ConfigInvoker.java:400)
	at org.testng.internal.invokers.ConfigInvoker.invokeConfigurations(ConfigInvoker.java:333)
	at org.testng.SuiteRunner.privateRun(SuiteRunner.java:358)
	at org.testng.SuiteRunner.run(SuiteRunner.java:312)
	at org.testng.SuiteRunnerWorker.runSuite(SuiteRunnerWorker.java:52)
	at org.testng.SuiteRunnerWorker.run(SuiteRunnerWorker.java:95)
	at org.testng.TestNG.runSuitesSequentially(TestNG.java:1274)
	at org.testng.TestNG.runSuitesLocally(TestNG.java:1208)
	at org.testng.TestNG.runSuites(TestNG.java:1112)
	at org.testng.TestNG.run(TestNG.java:1079)
	at org.testng.remote.AbstractRemoteTestNG.run(AbstractRemoteTestNG.java:115)
	at org.testng.remote.RemoteTestNG.initAndRun(RemoteTestNG.java:293)
	at org.testng.remote.RemoteTestNG.main(RemoteTestNG.java:91)
</pre></div></td>
<td>0</td>
<td>tests.OrderConfimationPageTest@93081b6</td></tr>
<tr>
<td title='tests.LoginPageTest.verifyLoginInvalidData()'><b>verifyLoginInvalidData</b><br>Test class: tests.LoginPageTest<br>Parameters: {errorMessage=Epic sadface: Username and password do not match any user in this service, Username=standard_users, Password=secret_sauce}</td>
<td><div><pre>java.io.FileNotFoundException: D:\eclipse workplace\SwagLabs\Resources\global.properties (The system cannot find the path specified)
	at java.base/java.io.FileInputStream.open0(Native Method)
	at java.base/java.io.FileInputStream.open(FileInputStream.java:219)
	at java.base/java.io.FileInputStream.&lt;init&gt;(FileInputStream.java:159)
	at java.base/java.io.FileInputStream.&lt;init&gt;(FileInputStream.java:112)
	at pages.BaseClass.loadConfig(BaseClass.java:33)
... Removed 17 stack frames</pre></div><a href='#' onClick='toggleBox("stack-trace880533231", this, "Click to show all stack frames", "Click to hide stack frames")'>Click to show all stack frames</a>
<div class='stack-trace' id='stack-trace880533231'><pre>java.io.FileNotFoundException: D:\eclipse workplace\SwagLabs\Resources\global.properties (The system cannot find the path specified)
	at java.base/java.io.FileInputStream.open0(Native Method)
	at java.base/java.io.FileInputStream.open(FileInputStream.java:219)
	at java.base/java.io.FileInputStream.&lt;init&gt;(FileInputStream.java:159)
	at java.base/java.io.FileInputStream.&lt;init&gt;(FileInputStream.java:112)
	at pages.BaseClass.loadConfig(BaseClass.java:33)
	at java.base/jdk.internal.reflect.DirectMethodHandleAccessor.invoke(DirectMethodHandleAccessor.java:103)
	at java.base/java.lang.reflect.Method.invoke(Method.java:580)
	at org.testng.internal.invokers.MethodInvocationHelper.invokeMethod(MethodInvocationHelper.java:141)
	at org.testng.internal.invokers.MethodInvocationHelper.invokeMethodConsideringTimeout(MethodInvocationHelper.java:71)
	at org.testng.internal.invokers.ConfigInvoker.invokeConfigurationMethod(ConfigInvoker.java:400)
	at org.testng.internal.invokers.ConfigInvoker.invokeConfigurations(ConfigInvoker.java:333)
	at org.testng.SuiteRunner.privateRun(SuiteRunner.java:358)
	at org.testng.SuiteRunner.run(SuiteRunner.java:312)
	at org.testng.SuiteRunnerWorker.runSuite(SuiteRunnerWorker.java:52)
	at org.testng.SuiteRunnerWorker.run(SuiteRunnerWorker.java:95)
	at org.testng.TestNG.runSuitesSequentially(TestNG.java:1274)
	at org.testng.TestNG.runSuitesLocally(TestNG.java:1208)
	at org.testng.TestNG.runSuites(TestNG.java:1112)
	at org.testng.TestNG.run(TestNG.java:1079)
	at org.testng.remote.AbstractRemoteTestNG.run(AbstractRemoteTestNG.java:115)
	at org.testng.remote.RemoteTestNG.initAndRun(RemoteTestNG.java:293)
	at org.testng.remote.RemoteTestNG.main(RemoteTestNG.java:91)
</pre></div></td>
<td>0</td>
<td>tests.LoginPageTest@27912e3</td></tr>
<tr>
<td title='tests.LoginPageTest.verifyLoginInvalidData()'><b>verifyLoginInvalidData</b><br>Test class: tests.LoginPageTest<br>Parameters: {errorMessage=Epic sadface: Sorry, this user has been locked out., Username=locked_out_user, Password=secret_sauce}</td>
<td><div><pre>java.io.FileNotFoundException: D:\eclipse workplace\SwagLabs\Resources\global.properties (The system cannot find the path specified)
	at java.base/java.io.FileInputStream.open0(Native Method)
	at java.base/java.io.FileInputStream.open(FileInputStream.java:219)
	at java.base/java.io.FileInputStream.&lt;init&gt;(FileInputStream.java:159)
	at java.base/java.io.FileInputStream.&lt;init&gt;(FileInputStream.java:112)
	at pages.BaseClass.loadConfig(BaseClass.java:33)
... Removed 17 stack frames</pre></div><a href='#' onClick='toggleBox("stack-trace584501954", this, "Click to show all stack frames", "Click to hide stack frames")'>Click to show all stack frames</a>
<div class='stack-trace' id='stack-trace584501954'><pre>java.io.FileNotFoundException: D:\eclipse workplace\SwagLabs\Resources\global.properties (The system cannot find the path specified)
	at java.base/java.io.FileInputStream.open0(Native Method)
	at java.base/java.io.FileInputStream.open(FileInputStream.java:219)
	at java.base/java.io.FileInputStream.&lt;init&gt;(FileInputStream.java:159)
	at java.base/java.io.FileInputStream.&lt;init&gt;(FileInputStream.java:112)
	at pages.BaseClass.loadConfig(BaseClass.java:33)
	at java.base/jdk.internal.reflect.DirectMethodHandleAccessor.invoke(DirectMethodHandleAccessor.java:103)
	at java.base/java.lang.reflect.Method.invoke(Method.java:580)
	at org.testng.internal.invokers.MethodInvocationHelper.invokeMethod(MethodInvocationHelper.java:141)
	at org.testng.internal.invokers.MethodInvocationHelper.invokeMethodConsideringTimeout(MethodInvocationHelper.java:71)
	at org.testng.internal.invokers.ConfigInvoker.invokeConfigurationMethod(ConfigInvoker.java:400)
	at org.testng.internal.invokers.ConfigInvoker.invokeConfigurations(ConfigInvoker.java:333)
	at org.testng.SuiteRunner.privateRun(SuiteRunner.java:358)
	at org.testng.SuiteRunner.run(SuiteRunner.java:312)
	at org.testng.SuiteRunnerWorker.runSuite(SuiteRunnerWorker.java:52)
	at org.testng.SuiteRunnerWorker.run(SuiteRunnerWorker.java:95)
	at org.testng.TestNG.runSuitesSequentially(TestNG.java:1274)
	at org.testng.TestNG.runSuitesLocally(TestNG.java:1208)
	at org.testng.TestNG.runSuites(TestNG.java:1112)
	at org.testng.TestNG.run(TestNG.java:1079)
	at org.testng.remote.AbstractRemoteTestNG.run(AbstractRemoteTestNG.java:115)
	at org.testng.remote.RemoteTestNG.initAndRun(RemoteTestNG.java:293)
	at org.testng.remote.RemoteTestNG.main(RemoteTestNG.java:91)
</pre></div></td>
<td>0</td>
<td>tests.LoginPageTest@27912e3</td></tr>
<tr>
<td title='tests.ProductTest.getProductPriceAscOrder()'><b>getProductPriceAscOrder</b><br>Test class: tests.ProductTest<br>Parameters: {Username=standard_user, Password=secret_sauce}</td>
<td><div><pre>java.io.FileNotFoundException: D:\eclipse workplace\SwagLabs\Resources\global.properties (The system cannot find the path specified)
	at java.base/java.io.FileInputStream.open0(Native Method)
	at java.base/java.io.FileInputStream.open(FileInputStream.java:219)
	at java.base/java.io.FileInputStream.&lt;init&gt;(FileInputStream.java:159)
	at java.base/java.io.FileInputStream.&lt;init&gt;(FileInputStream.java:112)
	at pages.BaseClass.loadConfig(BaseClass.java:33)
... Removed 17 stack frames</pre></div><a href='#' onClick='toggleBox("stack-trace1541075662", this, "Click to show all stack frames", "Click to hide stack frames")'>Click to show all stack frames</a>
<div class='stack-trace' id='stack-trace1541075662'><pre>java.io.FileNotFoundException: D:\eclipse workplace\SwagLabs\Resources\global.properties (The system cannot find the path specified)
	at java.base/java.io.FileInputStream.open0(Native Method)
	at java.base/java.io.FileInputStream.open(FileInputStream.java:219)
	at java.base/java.io.FileInputStream.&lt;init&gt;(FileInputStream.java:159)
	at java.base/java.io.FileInputStream.&lt;init&gt;(FileInputStream.java:112)
	at pages.BaseClass.loadConfig(BaseClass.java:33)
	at java.base/jdk.internal.reflect.DirectMethodHandleAccessor.invoke(DirectMethodHandleAccessor.java:103)
	at java.base/java.lang.reflect.Method.invoke(Method.java:580)
	at org.testng.internal.invokers.MethodInvocationHelper.invokeMethod(MethodInvocationHelper.java:141)
	at org.testng.internal.invokers.MethodInvocationHelper.invokeMethodConsideringTimeout(MethodInvocationHelper.java:71)
	at org.testng.internal.invokers.ConfigInvoker.invokeConfigurationMethod(ConfigInvoker.java:400)
	at org.testng.internal.invokers.ConfigInvoker.invokeConfigurations(ConfigInvoker.java:333)
	at org.testng.SuiteRunner.privateRun(SuiteRunner.java:358)
	at org.testng.SuiteRunner.run(SuiteRunner.java:312)
	at org.testng.SuiteRunnerWorker.runSuite(SuiteRunnerWorker.java:52)
	at org.testng.SuiteRunnerWorker.run(SuiteRunnerWorker.java:95)
	at org.testng.TestNG.runSuitesSequentially(TestNG.java:1274)
	at org.testng.TestNG.runSuitesLocally(TestNG.java:1208)
	at org.testng.TestNG.runSuites(TestNG.java:1112)
	at org.testng.TestNG.run(TestNG.java:1079)
	at org.testng.remote.AbstractRemoteTestNG.run(AbstractRemoteTestNG.java:115)
	at org.testng.remote.RemoteTestNG.initAndRun(RemoteTestNG.java:293)
	at org.testng.remote.RemoteTestNG.main(RemoteTestNG.java:91)
</pre></div></td>
<td>0</td>
<td>tests.ProductTest@791d1f8b</td></tr>
<tr>
<td title='tests.ProductTest.verifyAllProductPrice()'><b>verifyAllProductPrice</b><br>Test class: tests.ProductTest<br>Parameters: {Username=standard_user, Password=secret_sauce}</td>
<td><div><pre>java.io.FileNotFoundException: D:\eclipse workplace\SwagLabs\Resources\global.properties (The system cannot find the path specified)
	at java.base/java.io.FileInputStream.open0(Native Method)
	at java.base/java.io.FileInputStream.open(FileInputStream.java:219)
	at java.base/java.io.FileInputStream.&lt;init&gt;(FileInputStream.java:159)
	at java.base/java.io.FileInputStream.&lt;init&gt;(FileInputStream.java:112)
	at pages.BaseClass.loadConfig(BaseClass.java:33)
... Removed 17 stack frames</pre></div><a href='#' onClick='toggleBox("stack-trace1130160902", this, "Click to show all stack frames", "Click to hide stack frames")'>Click to show all stack frames</a>
<div class='stack-trace' id='stack-trace1130160902'><pre>java.io.FileNotFoundException: D:\eclipse workplace\SwagLabs\Resources\global.properties (The system cannot find the path specified)
	at java.base/java.io.FileInputStream.open0(Native Method)
	at java.base/java.io.FileInputStream.open(FileInputStream.java:219)
	at java.base/java.io.FileInputStream.&lt;init&gt;(FileInputStream.java:159)
	at java.base/java.io.FileInputStream.&lt;init&gt;(FileInputStream.java:112)
	at pages.BaseClass.loadConfig(BaseClass.java:33)
	at java.base/jdk.internal.reflect.DirectMethodHandleAccessor.invoke(DirectMethodHandleAccessor.java:103)
	at java.base/java.lang.reflect.Method.invoke(Method.java:580)
	at org.testng.internal.invokers.MethodInvocationHelper.invokeMethod(MethodInvocationHelper.java:141)
	at org.testng.internal.invokers.MethodInvocationHelper.invokeMethodConsideringTimeout(MethodInvocationHelper.java:71)
	at org.testng.internal.invokers.ConfigInvoker.invokeConfigurationMethod(ConfigInvoker.java:400)
	at org.testng.internal.invokers.ConfigInvoker.invokeConfigurations(ConfigInvoker.java:333)
	at org.testng.SuiteRunner.privateRun(SuiteRunner.java:358)
	at org.testng.SuiteRunner.run(SuiteRunner.java:312)
	at org.testng.SuiteRunnerWorker.runSuite(SuiteRunnerWorker.java:52)
	at org.testng.SuiteRunnerWorker.run(SuiteRunnerWorker.java:95)
	at org.testng.TestNG.runSuitesSequentially(TestNG.java:1274)
	at org.testng.TestNG.runSuitesLocally(TestNG.java:1208)
	at org.testng.TestNG.runSuites(TestNG.java:1112)
	at org.testng.TestNG.run(TestNG.java:1079)
	at org.testng.remote.AbstractRemoteTestNG.run(AbstractRemoteTestNG.java:115)
	at org.testng.remote.RemoteTestNG.initAndRun(RemoteTestNG.java:293)
	at org.testng.remote.RemoteTestNG.main(RemoteTestNG.java:91)
</pre></div></td>
<td>0</td>
<td>tests.ProductTest@791d1f8b</td></tr>
<tr>
<td title='tests.OrderSummaryPageTest.validateMultipleProductPrice()'><b>validateMultipleProductPrice</b><br>Test class: tests.OrderSummaryPageTest<br>Parameters: {Username=standard_user, Password=secret_sauce}</td>
<td><div><pre>java.io.FileNotFoundException: D:\eclipse workplace\SwagLabs\Resources\global.properties (The system cannot find the path specified)
	at java.base/java.io.FileInputStream.open0(Native Method)
	at java.base/java.io.FileInputStream.open(FileInputStream.java:219)
	at java.base/java.io.FileInputStream.&lt;init&gt;(FileInputStream.java:159)
	at java.base/java.io.FileInputStream.&lt;init&gt;(FileInputStream.java:112)
	at pages.BaseClass.loadConfig(BaseClass.java:33)
... Removed 17 stack frames</pre></div><a href='#' onClick='toggleBox("stack-trace2056566350", this, "Click to show all stack frames", "Click to hide stack frames")'>Click to show all stack frames</a>
<div class='stack-trace' id='stack-trace2056566350'><pre>java.io.FileNotFoundException: D:\eclipse workplace\SwagLabs\Resources\global.properties (The system cannot find the path specified)
	at java.base/java.io.FileInputStream.open0(Native Method)
	at java.base/java.io.FileInputStream.open(FileInputStream.java:219)
	at java.base/java.io.FileInputStream.&lt;init&gt;(FileInputStream.java:159)
	at java.base/java.io.FileInputStream.&lt;init&gt;(FileInputStream.java:112)
	at pages.BaseClass.loadConfig(BaseClass.java:33)
	at java.base/jdk.internal.reflect.DirectMethodHandleAccessor.invoke(DirectMethodHandleAccessor.java:103)
	at java.base/java.lang.reflect.Method.invoke(Method.java:580)
	at org.testng.internal.invokers.MethodInvocationHelper.invokeMethod(MethodInvocationHelper.java:141)
	at org.testng.internal.invokers.MethodInvocationHelper.invokeMethodConsideringTimeout(MethodInvocationHelper.java:71)
	at org.testng.internal.invokers.ConfigInvoker.invokeConfigurationMethod(ConfigInvoker.java:400)
	at org.testng.internal.invokers.ConfigInvoker.invokeConfigurations(ConfigInvoker.java:333)
	at org.testng.SuiteRunner.privateRun(SuiteRunner.java:358)
	at org.testng.SuiteRunner.run(SuiteRunner.java:312)
	at org.testng.SuiteRunnerWorker.runSuite(SuiteRunnerWorker.java:52)
	at org.testng.SuiteRunnerWorker.run(SuiteRunnerWorker.java:95)
	at org.testng.TestNG.runSuitesSequentially(TestNG.java:1274)
	at org.testng.TestNG.runSuitesLocally(TestNG.java:1208)
	at org.testng.TestNG.runSuites(TestNG.java:1112)
	at org.testng.TestNG.run(TestNG.java:1079)
	at org.testng.remote.AbstractRemoteTestNG.run(AbstractRemoteTestNG.java:115)
	at org.testng.remote.RemoteTestNG.initAndRun(RemoteTestNG.java:293)
	at org.testng.remote.RemoteTestNG.main(RemoteTestNG.java:91)
</pre></div></td>
<td>0</td>
<td>tests.OrderSummaryPageTest@24c22fe</td></tr>
<tr>
<td title='tests.ProductTest.verifyAllProductTitle()'><b>verifyAllProductTitle</b><br>Test class: tests.ProductTest<br>Parameters: {Username=standard_user, Password=secret_sauce}</td>
<td><div><pre>java.io.FileNotFoundException: D:\eclipse workplace\SwagLabs\Resources\global.properties (The system cannot find the path specified)
	at java.base/java.io.FileInputStream.open0(Native Method)
	at java.base/java.io.FileInputStream.open(FileInputStream.java:219)
	at java.base/java.io.FileInputStream.&lt;init&gt;(FileInputStream.java:159)
	at java.base/java.io.FileInputStream.&lt;init&gt;(FileInputStream.java:112)
	at pages.BaseClass.loadConfig(BaseClass.java:33)
... Removed 17 stack frames</pre></div><a href='#' onClick='toggleBox("stack-trace185164978", this, "Click to show all stack frames", "Click to hide stack frames")'>Click to show all stack frames</a>
<div class='stack-trace' id='stack-trace185164978'><pre>java.io.FileNotFoundException: D:\eclipse workplace\SwagLabs\Resources\global.properties (The system cannot find the path specified)
	at java.base/java.io.FileInputStream.open0(Native Method)
	at java.base/java.io.FileInputStream.open(FileInputStream.java:219)
	at java.base/java.io.FileInputStream.&lt;init&gt;(FileInputStream.java:159)
	at java.base/java.io.FileInputStream.&lt;init&gt;(FileInputStream.java:112)
	at pages.BaseClass.loadConfig(BaseClass.java:33)
	at java.base/jdk.internal.reflect.DirectMethodHandleAccessor.invoke(DirectMethodHandleAccessor.java:103)
	at java.base/java.lang.reflect.Method.invoke(Method.java:580)
	at org.testng.internal.invokers.MethodInvocationHelper.invokeMethod(MethodInvocationHelper.java:141)
	at org.testng.internal.invokers.MethodInvocationHelper.invokeMethodConsideringTimeout(MethodInvocationHelper.java:71)
	at org.testng.internal.invokers.ConfigInvoker.invokeConfigurationMethod(ConfigInvoker.java:400)
	at org.testng.internal.invokers.ConfigInvoker.invokeConfigurations(ConfigInvoker.java:333)
	at org.testng.SuiteRunner.privateRun(SuiteRunner.java:358)
	at org.testng.SuiteRunner.run(SuiteRunner.java:312)
	at org.testng.SuiteRunnerWorker.runSuite(SuiteRunnerWorker.java:52)
	at org.testng.SuiteRunnerWorker.run(SuiteRunnerWorker.java:95)
	at org.testng.TestNG.runSuitesSequentially(TestNG.java:1274)
	at org.testng.TestNG.runSuitesLocally(TestNG.java:1208)
	at org.testng.TestNG.runSuites(TestNG.java:1112)
	at org.testng.TestNG.run(TestNG.java:1079)
	at org.testng.remote.AbstractRemoteTestNG.run(AbstractRemoteTestNG.java:115)
	at org.testng.remote.RemoteTestNG.initAndRun(RemoteTestNG.java:293)
	at org.testng.remote.RemoteTestNG.main(RemoteTestNG.java:91)
</pre></div></td>
<td>0</td>
<td>tests.ProductTest@791d1f8b</td></tr>
<tr>
<td title='tests.CartPageTest.validateContinueShippingButton()'><b>validateContinueShippingButton</b><br>Test class: tests.CartPageTest<br>Parameters: {Username=standard_user, Password=secret_sauce}</td>
<td><div><pre>java.io.FileNotFoundException: D:\eclipse workplace\SwagLabs\Resources\global.properties (The system cannot find the path specified)
	at java.base/java.io.FileInputStream.open0(Native Method)
	at java.base/java.io.FileInputStream.open(FileInputStream.java:219)
	at java.base/java.io.FileInputStream.&lt;init&gt;(FileInputStream.java:159)
	at java.base/java.io.FileInputStream.&lt;init&gt;(FileInputStream.java:112)
	at pages.BaseClass.loadConfig(BaseClass.java:33)
... Removed 17 stack frames</pre></div><a href='#' onClick='toggleBox("stack-trace1940912369", this, "Click to show all stack frames", "Click to hide stack frames")'>Click to show all stack frames</a>
<div class='stack-trace' id='stack-trace1940912369'><pre>java.io.FileNotFoundException: D:\eclipse workplace\SwagLabs\Resources\global.properties (The system cannot find the path specified)
	at java.base/java.io.FileInputStream.open0(Native Method)
	at java.base/java.io.FileInputStream.open(FileInputStream.java:219)
	at java.base/java.io.FileInputStream.&lt;init&gt;(FileInputStream.java:159)
	at java.base/java.io.FileInputStream.&lt;init&gt;(FileInputStream.java:112)
	at pages.BaseClass.loadConfig(BaseClass.java:33)
	at java.base/jdk.internal.reflect.DirectMethodHandleAccessor.invoke(DirectMethodHandleAccessor.java:103)
	at java.base/java.lang.reflect.Method.invoke(Method.java:580)
	at org.testng.internal.invokers.MethodInvocationHelper.invokeMethod(MethodInvocationHelper.java:141)
	at org.testng.internal.invokers.MethodInvocationHelper.invokeMethodConsideringTimeout(MethodInvocationHelper.java:71)
	at org.testng.internal.invokers.ConfigInvoker.invokeConfigurationMethod(ConfigInvoker.java:400)
	at org.testng.internal.invokers.ConfigInvoker.invokeConfigurations(ConfigInvoker.java:333)
	at org.testng.SuiteRunner.privateRun(SuiteRunner.java:358)
	at org.testng.SuiteRunner.run(SuiteRunner.java:312)
	at org.testng.SuiteRunnerWorker.runSuite(SuiteRunnerWorker.java:52)
	at org.testng.SuiteRunnerWorker.run(SuiteRunnerWorker.java:95)
	at org.testng.TestNG.runSuitesSequentially(TestNG.java:1274)
	at org.testng.TestNG.runSuitesLocally(TestNG.java:1208)
	at org.testng.TestNG.runSuites(TestNG.java:1112)
	at org.testng.TestNG.run(TestNG.java:1079)
	at org.testng.remote.AbstractRemoteTestNG.run(AbstractRemoteTestNG.java:115)
	at org.testng.remote.RemoteTestNG.initAndRun(RemoteTestNG.java:293)
	at org.testng.remote.RemoteTestNG.main(RemoteTestNG.java:91)
</pre></div></td>
<td>0</td>
<td>tests.CartPageTest@14f232c4</td></tr>
<tr>
<td title='tests.CartPageTest.validateRemoveProduct()'><b>validateRemoveProduct</b><br>Test class: tests.CartPageTest<br>Parameters: {Username=standard_user, Password=secret_sauce}</td>
<td><div><pre>java.io.FileNotFoundException: D:\eclipse workplace\SwagLabs\Resources\global.properties (The system cannot find the path specified)
	at java.base/java.io.FileInputStream.open0(Native Method)
	at java.base/java.io.FileInputStream.open(FileInputStream.java:219)
	at java.base/java.io.FileInputStream.&lt;init&gt;(FileInputStream.java:159)
	at java.base/java.io.FileInputStream.&lt;init&gt;(FileInputStream.java:112)
	at pages.BaseClass.loadConfig(BaseClass.java:33)
... Removed 17 stack frames</pre></div><a href='#' onClick='toggleBox("stack-trace692838068", this, "Click to show all stack frames", "Click to hide stack frames")'>Click to show all stack frames</a>
<div class='stack-trace' id='stack-trace692838068'><pre>java.io.FileNotFoundException: D:\eclipse workplace\SwagLabs\Resources\global.properties (The system cannot find the path specified)
	at java.base/java.io.FileInputStream.open0(Native Method)
	at java.base/java.io.FileInputStream.open(FileInputStream.java:219)
	at java.base/java.io.FileInputStream.&lt;init&gt;(FileInputStream.java:159)
	at java.base/java.io.FileInputStream.&lt;init&gt;(FileInputStream.java:112)
	at pages.BaseClass.loadConfig(BaseClass.java:33)
	at java.base/jdk.internal.reflect.DirectMethodHandleAccessor.invoke(DirectMethodHandleAccessor.java:103)
	at java.base/java.lang.reflect.Method.invoke(Method.java:580)
	at org.testng.internal.invokers.MethodInvocationHelper.invokeMethod(MethodInvocationHelper.java:141)
	at org.testng.internal.invokers.MethodInvocationHelper.invokeMethodConsideringTimeout(MethodInvocationHelper.java:71)
	at org.testng.internal.invokers.ConfigInvoker.invokeConfigurationMethod(ConfigInvoker.java:400)
	at org.testng.internal.invokers.ConfigInvoker.invokeConfigurations(ConfigInvoker.java:333)
	at org.testng.SuiteRunner.privateRun(SuiteRunner.java:358)
	at org.testng.SuiteRunner.run(SuiteRunner.java:312)
	at org.testng.SuiteRunnerWorker.runSuite(SuiteRunnerWorker.java:52)
	at org.testng.SuiteRunnerWorker.run(SuiteRunnerWorker.java:95)
	at org.testng.TestNG.runSuitesSequentially(TestNG.java:1274)
	at org.testng.TestNG.runSuitesLocally(TestNG.java:1208)
	at org.testng.TestNG.runSuites(TestNG.java:1112)
	at org.testng.TestNG.run(TestNG.java:1079)
	at org.testng.remote.AbstractRemoteTestNG.run(AbstractRemoteTestNG.java:115)
	at org.testng.remote.RemoteTestNG.initAndRun(RemoteTestNG.java:293)
	at org.testng.remote.RemoteTestNG.main(RemoteTestNG.java:91)
</pre></div></td>
<td>0</td>
<td>tests.CartPageTest@14f232c4</td></tr>
</table><p>
</body>
</html>